<?xml version="1.0" encoding="UTF-8"?>
<testsuite xmlns:xsi="http://www.w3.org/2001/XMLSchema-instance" xsi:noNamespaceSchemaLocation="https://maven.apache.org/surefire/maven-surefire-plugin/xsd/surefire-test-report-3.0.xsd" version="3.0" name="com.mybatisflex.demo.Proj240202ApplicationTests" time="5.316" tests="1" errors="0" skipped="0" failures="0">
  <properties>
[...]
</properties>
  <testcase name="contextLoads" classname="com.mybatisflex.demo.Proj240202ApplicationTests" time="1.141">
    <system-out><![CDATA[09:57:32.428 [main] INFO org.springframework.test.context.support.AnnotationConfigContextLoaderUtils -- Could not detect default configuration classes for test class [com.mybatisflex.demo.Proj240202ApplicationTests]: Proj240202ApplicationTests does not declare any static, non-private, non-final, nested classes annotated with @Configuration.
09:57:32.529 [main] INFO org.springframework.boot.test.context.SpringBootTestContextBootstrapper -- Found @SpringBootConfiguration com.mybatisflex.demo.Proj240310Application for test class com.mybatisflex.demo.Proj240202ApplicationTests

  .   ____          _            __ _ _
 /\\ / ___'_ __ _ _(_)_ __  __ _ \ \ \ \
( ( )\___ | '_ | '_| | '_ \/ _` | \ \ \ \
 \\/  ___)| |_)| | | | | || (_| |  ) ) ) )
  '  |____| .__|_| |_|_| |_\__, | / / / /
 =========|_|==============|___/=/_/_/_/
 :: Spring Boot ::                (v3.2.2)

2024-03-21T09:57:32.932+08:00  INFO 2500 --- [           main] c.m.demo.Proj240202ApplicationTests      : Starting Proj240202ApplicationTests using Java 21.0.1 with PID 2500 (started by LiJP in D:\Projects\springboot\Saved\proj-240310)
2024-03-21T09:57:32.934+08:00  INFO 2500 --- [           main] c.m.demo.Proj240202ApplicationTests      : No active profile set, falling back to 1 default profile: "default"
2024-03-21T09:57:34.223+08:00  WARN 2500 --- [           main] trationDelegate$BeanPostProcessorChecker : Bean 'com.mybatisflex.spring.boot.FlexTransactionAutoConfiguration' of type [com.mybatisflex.spring.boot.FlexTransactionAutoConfiguration] is not eligible for getting processed by all BeanPostProcessors (for example: not eligible for auto-proxying). Is this bean getting eagerly injected into a currently created BeanPostProcessor [healthEndpointGroupsBeanPostProcessor]? Check the corresponding BeanPostProcessor declaration and its dependencies.
  __  __       _           _   _       _____ _           
 |  \/  |_   _| |__   __ _| |_(_)___  |  ___| | _____  __
 | |\/| | | | | '_ \ / _` | __| / __| | |_  | |/ _ \ \/ /
 | |  | | |_| | |_) | (_| | |_| \__ \ |  _| | |  __/>  < 
 |_|  |_|\__, |_.__/ \__,_|\__|_|___/ |_|   |_|\___/_/\_\
         |___/ v1.7.8 https://mybatis-flex.com
2024-03-21T09:57:36.109+08:00  INFO 2500 --- [           main] o.s.b.a.e.web.EndpointLinksResolver      : Exposing 1 endpoint(s) beneath base path '/actuator'
2024-03-21T09:57:36.243+08:00  INFO 2500 --- [           main] c.m.demo.Proj240202ApplicationTests      : Started Proj240202ApplicationTests in 3.588 seconds (process running for 4.629)
rows
]]></system-out>
    <system-err><![CDATA[WARNING: A Java agent has been loaded dynamically (D:\CodeEnvironments\Apache\Maven\Maven-3.9.4\repository\net\bytebuddy\byte-buddy-agent\1.14.11\byte-buddy-agent-1.14.11.jar)
WARNING: If a serviceability tool is in use, please run with -XX:+EnableDynamicAgentLoading to hide this warning
WARNING: If a serviceability tool is not in use, please run with -Djdk.instrument.traceUsage for more information
WARNING: Dynamic loading of agents will be disallowed by default in a future release
]]></system-err>
  </testcase>
</testsuite>